********************************************
*                                          *
*      Output from fastPHASE 1.4.8         *
*      Code by P Scheet                    *
*      pscheet@alum.wustl.edu              *
*                                          *
********************************************
BEGIN COMMAND_LINE
./fastPHASE -orunTimingGenos_fastPhase_results runTimingGenos_fastPhase_genos.txt 
END COMMAND_LINE

BEGIN COMMAND_EXPLAIN
 K no. clusters (chosen or supplied): 15
 S seed for random numbers (chosen or supplied): 1654364059
END COMMAND_EXPLAIN

BEGIN DESCRIBE_TASKS
minimize switch error
END DESCRIBE_TASKS

BEGIN GENOTYPES
# 51029_E12_203
G A T G G G C T A T T G A
G A G G A G C C G T G T A
# 51029_E12_204
G A G G A G C C G T G T A
G A G G A G C C G T G T A
# 51029_E12_209
G A G G A G C C G T G T A
G A G G A G C C G T G T A
# 51029_E12_211
G A G G A G C C G T G T A
A A G G G G C C G T G T T
# 51029_E12_221
G A G G A G C C G T G T A
A A T G G G C C G T G T T
# 51029_E12_229
G A G G A G C C G C T G A
G A G G A G C C A T G T A
# 51029_E12_231
G A G G A G C C G T G T A
A A T A G G C C G C T G A
# 51029_E12_258
G A G G A G C C G T G T A
A A G G G G C C G T G T A
# 51029_E12_259
G A G G A G C C G T G T T
G A G G A G C C G T G T T
# 51029_E12_260
G A G G A G C C G T G T A
G A G G A G C C G T T T A
# 51029_E12_266
G A G G A G C C G T G T A
G A G G A G C C G T G T A
# 51029_E12_267
G A G G A G C C G T G T A
A A G G G G C C G T G T T
# 51029_E12_274
G A G A G G C C G T G G A
G A G G A G C C G T G T A
# 51029_E12_277
G A G G A G C C G T G T A
G A G G A G C C G T G T A
# 51029_E12_282
G A G G G G C T A T T G A
G A G G A G C C G T G T A
# 51029_E12_290
G A G G G G C C G T G T A
G A G G A G C C G T G T A
# 51029_E12_292
G A G G A G C C G T G T A
A A T G G G C T A C T G T
# 51029_E12_296
G A G G A G C C G T G T A
G A G G A G C C G T G T A
# 51029_E12_303
G A G G A G C C G T G T A
G A G G A G C C G T T T A
# 51029_E12_314
G A G G A G C C G T G T T
A A G G G G C C G T G T T
# 51029_E12_332
G A G G G G C C G T G T A
G A G G A G C C G T G T A
# 51029_E12_339
G A G G A G C C G T G T A
G A G G A G C C G T G T A
# 51029_E12_351
G A G G A G C C G T G T A
A A G G G G C C G T G T A
# 51029_E12_361
G A G G A G C C G T G T A
A A T G G G C C G T G T T
# 51029_E12_362
G A G G G G C C G T G T A
A A G G G G C C G T G T T
# 51029_E12_366
G A G G A G C C G T G T A
A A T G G G C C G T G T A
# 51029_E12_367
G A G G A G C C G T G T A
G A G G A G C C G T G T A
# 51029_E12_372
G A G G G G C C G T G T A
G A G G A G C C G T G T A
# 51029_E12_373
G A T G G G C C G T G T A
G A G G A G C C G T G T A
# 51029_E12_378
G A G G A G C C G T G T A
G A G G A G C C G T G T T
# 51029_E13_002b
G A G G A G C C G T G T A
G A G G A G C C G T G T A
# 51029_E13_003b
G A G G A G C C G C T G T
G A G G A G C C G T G T A
# 51029_E13_005b
A A G G G G C C G T G T A
G A G G A G C C G T G T A
# 51029_E13_006b
G A G G A G C C G T G T A
G A G G A G C C G T G T A
# 51096_044
A A G G A G C C G T G T A
G A T G G G C C G T G T T
# 51096_045
G A G G A G C C G T G T A
G A G A G T A T G C T G T
# 51643_16_023
A A G G A G C C G T G T A
G A T G G G C C G T G T T
# 51643_16_028
G A G G A G C C G T G T A
G A G G A G C C G T G T T
# 51643_16_035
G A G G A G C C G T G T A
G A G G A G C C G T G T A
# 51643_16_038
G A G G A G C C G T G T A
G A G G A G C C G T G T A
# 51686_101
G A G G G G C C G T G T A
G A G G A G C C G T G T A
# 51686_102
G A G G G G C C G T G T A
G A G G A G C C G T G T A
# 51686_103
G A G G G G C C G T G T A
G A G G A G C C G T G T A
# 51686_105
G A G G G G C C G T G T A
G A G G A G C C G T G T A
# 51686_106
G A G G G G C C G T G T A
G A G G A G C C G T G T A
# 51686_108
G A G G A G C C G T G T A
G A G G A G C C G T G T A
# 51686_117
G A G G A G C C G T G T A
G A G G A G C C G T G T A
# 51686_118
G A G G G G C C G T G T A
G A G G A G C C G T G T A
# 51686_15_100
G A G G G G C C G T G T A
G A G G A G C C G T G T T
# 51686_15_101
G A G G A G C C G T G T A
G A G G A G C C G T G T A
# 51686_15_102
G A G G A G C C G T G T A
G A G G A G C C G T G T A
# 51686_15_103
G A G G G G C C G T G T A
G A G G A G C C G T G T A
# 51686_15_104
G A G G A G C C G T G T A
G A G G A G C C G T G T A
# 51686_15_105
G A G G A G C C G T G T A
A A G G G G C C G T G T T
# 51686_15_106
G A G G A G C C G T G T A
G A G G A G C C G T G T A
# 51686_15_108
G A G G A G C C G T G T A
A A T G G G C C G T G T A
# 51686_15_109
G A G G A G C C G T G T A
A A T G G G C C G T G T A
# 51686_15_110
G A G G A G C C G T G T A
A A G G G G C C G T G T T
# 51686_15_111
G A G G A G C C G T G T A
G A G G A G C C G T G T A
# 51686_15_112
G A G G G G C C G T G T A
G A G G A G C C G T G T A
# 51686_15_113
G A G G A G C C G T G T A
A A G G G G C C G T G T T
# 51686_15_114
G A G G A G C C G T G T A
G A G G A G C C G T G T A
# 51686_15_117
G A G G A G C C G T G T A
G A G G A G C C G T G T A
# 51686_15_118
A A T G G G C C G T G T A
A A G G G G C C G T G T T
# 51686_15_119
G A G G A G C C G T G T A
A A T G G G C C G T G T T
# 51686_15_120
G A G G G G C C G T G T A
G A G G G G C C G T G T A
# 51686_15_122
G A G G A G C C G T G T A
G A G G A G C C G T G T A
# 51686_15_123
G A G G A G C C G T G T A
G A G G A G C C G T G T A
# 51686_15_125
G A G G A G C C G C T T T
G A G G A G C C G T G T A
# 51686_15_126
G A G G A G C C G T G T A
G A G G A G C C G T G T A
# 51686_15_127
G A G G A G C C G T G T A
G A G G A G C C G T G T T
# 51686_15_129
G A G G A G C C G T G T A
A A G G G G C C G T G T T
# 51686_15_13
G A G G G G C C G T G T A
G A G G G G C C G T G T A
# 51686_15_130
G A G G A G C C G T G T A
G A G G A G C C G T G T A
# 51686_15_131
G A G G A G C C G T G T A
A A G G G G C C G T G T T
# 51686_15_133
G A G G A G C C G T G T A
G A G G A G C C G T G T A
# 51686_15_134
G A G G G G C C G T G T A
G A G G A G C C G T G T A
# 51686_15_135a
G A G G A G C C G T G T A
G A G G A G C C G T G T A
# 51686_15_135b
G A G G A G C C G T G T A
G A G G A G C C G T G T T
# 51686_15_137
G A G G A G C C G T G T A
G A G G A G C C G T G T A
# 51686_15_14
G A G G A G C C G T G T A
A A T G G G C C G T G T A
# 51686_15_148
G A G G A G C C G T G T A
A A T G G G C C G T G T A
# 51686_15_15
G A G G A G C C G T G T A
G A G G A G C C G T G T T
# 51686_15_152
G A T G G G C C G T G T A
A A T G G G C C G T G T A
# 51686_15_153
G A G G A G C C G T G T A
G A G G A G C C G T G T T
# 51686_15_154
G A G G G G C C G T G T A
G A G G A G C C G T G T A
# 51686_15_156
G A G G A G C C G T G T T
G A G G A G C C G T G T T
# 51686_15_158
G A G G A G C C G T G T T
G A G G A G C C G T G T A
# 51686_15_161
G A T G G G C T A T T G A
A A T G G G C C G T G T T
# 51686_15_17
G A G G G G C C G T G T A
G A G G A G C C G T G T A
# 51686_15_171
G A G G G G C C G T G T A
G A G G A G C C G T G T A
# 51686_15_173
G A G G A G C C G T G T A
G A G G A G C C G T G T T
# 51686_15_175
G A G G G G C C G T G T A
G A G G G G C C G T G T A
# 51686_15_19
G A G G A G C C G T G T A
G A G G A G C C G T G T A
# 51686_15_190
A A T A G T A T A C T G A
A A T A G T A T A C T G T
# 51686_15_20
G A G G A G C C G T G T A
A A G G G G C C G T G T T
# 51686_15_201
A A T A G T A T A C T G T
A A T A G T A T A C T G T
# 51686_15_234
G A T A G T A T A C T G A
G A T A G T A T A C G G A
# 51686_15_236
A A T A G T A T A C T G A
A A T A G T A T A C T G T
# 51686_15_25
A A G G G G C C G T G T A
A A T G G G C C G T G T A
# 51686_15_27
G A G G A G C C G T G T A
G A G G A G C C G T G T A
# 51686_15_28
G A G G G G C C G T G T A
G A G G A G C C G T G T A
# 51686_15_29
G A G G A G C C G T G T A
G A G G A G C C G T G T A
# 51686_15_30
G A G G A G C C G T G T A
G A G G A G C C G T G T A
# 51686_15_31
G A G G G G C C G T G T A
G A G G A G C C G T G T A
# 51686_15_32
A A G G G G C C G T G T A
A A G G G G C C G T G T T
# 51686_15_33
G A G G G G C C G T G T A
G A G G A G C C G T G T T
# 51686_15_35
G A G G A G C C G T G T A
G A G A G G A C G T T T T
# 51686_15_36
G A G G G G C C G T G T A
G A G G A G C C G T G T A
# 51686_15_37
G A G G G G C C G T G T A
G A G G A G C C G T G T A
# 51686_15_38
G A G G A G C C G T G T A
G A G G A G C C G T G T A
# 51686_15_39
G A G G A G C C G T G T A
G A G G A G C C G T G T A
# 51686_15_4
G A G G A G C C G T G T A
A A G G G G C C G T G T T
# 51686_15_40
G A G G G G C C G T G T A
G A G G A G C C G T G T A
# 51686_15_42
G A G G G G C C G T G T A
G A G G A G C C G T G T A
# 51686_15_43
G A G G A G C C G T G T A
G A G G A G C C G T G T A
# 51686_15_45
G A G G A G C C G T G T A
A A G G G G C C G T G T A
# 51686_15_46
A A G G G G C C G T G T T
G A G G A G C C G T G T A
# 51686_15_47
G A G G A G C C G T G T A
A A T G G G C C G T G T A
# 51686_15_48
A A G G A G C C G T G T A
G A T G G G C C G T G T T
# 51686_15_5
G A G G G G C C G T G T A
A A G G G G C C G T G T T
# 51686_15_50
G A G G A G C C G T G T A
G A G G A G C C G T G T A
# 51686_15_51
G A G G G G C C G T G T A
G A G G A G C C G T G T T
# 51686_15_52
G A G G G G C C G T G T A
G A G G A G C C G T G T T
# 51686_15_53
G A G G A G C C G T G T A
G A G G A G C C G T G T A
# 51686_15_54
G A G G G G C C G T G T A
G A G G A G C C G T G T A
# 51686_15_55
G A G G A G C C G T G T T
G A G G A G C C G T G T T
# 51686_15_56
G A G G G G C C G T G T A
G A G G A G C C G T G T A
# 51686_15_58
G A G G G G C C G T G T A
G A G G A G C C G T G T A
# 51686_15_59
G A G G A G C C G T G T A
G A G G A G C C G T G T A
# 51686_15_6
G A G G A G C C G T T T A
G A G A G G A C A T G T A
# 51686_15_60
G A G G A G C C G T G T A
G A G G A G C C G T G T A
# 51686_15_61
G A T G G G C T A C G G T
G A G G A G C C G T G T A
# 51686_15_62
G A G G A G C C G T G T A
G A G G A G C C G T G T A
# 51686_15_66
G A G G A G C C G T G T A
G A G G A G C C G T G T A
# 51686_15_68
G A G G G G C C G T G T A
G A G G A G C C G T G T A
# 51686_15_69
G A G G G G C C G T G T A
G A G G A G C C G T G T A
# 51686_15_7
G A G G A G C C G T G T A
A A G G G G C C G T G T T
# 51686_15_70
G A G G G G C C G T G T A
G A G G A G C C G T G T A
# 51686_15_71
G A G G A G C C G T G T A
G A G G A G C C G T G T A
# 51686_15_72
G A G G G G C C G T G T A
G A G G G G C C G T G T A
# 51686_15_73
G A G G A G C C G T G T A
G A G G A G C C G T G T T
# 51686_15_75
G A G G G G C C G T G T A
G A G G A G C C G T G T A
# 51686_15_77
G A G G A G C C G T T T T
G A G G A G C C G T G T A
# 51686_15_78
G A G G A G C C G T G T A
G A G G A G C C G T G T A
# 51686_15_80
G A G G A G C C G T G T A
G A G G A G C C G T G T A
# 51686_15_83
G A G G G G C C G T G T A
G A G G A G C C G T G T T
# 51686_15_84
G A G G G G C C G T G T A
G A G G A G C C G T G T T
# 51686_15_85
G A G G A G C C G T G T T
G A G G A G C C G T G T T
# 51686_15_86
G A G G A G C C G T G T A
G A G G A G C C G T G T A
# 51686_15_87
G A G G A G C C G T G T A
G A G G A G C C G T G T A
# 51686_15_88
G A G G A G C C G T G T T
G A G G A G C C G T G T A
# 51686_15_89
G A G G G G C C G T G T A
A A T G G G C C G T G T A
# 51686_15_90
A A G G G G C C G T G T A
G A G G A G C C G T G T A
# 51686_15_92
A A T G G G C C G T G T T
A A T G G G C C G T G T T
# 51686_15_93
G A G G A G C C G T G T A
G A G G A G C C G T G T A
# 51686_15_94
G A G G A G C C G T G T A
G A G G A G C C G T G T A
# 51686_15_95
G A G G A G C C G T G T A
G A G G A G C C G T G T A
# 51686_15_96
G A G G G G C C G T G T A
G A G G A G C C G T G T A
# 51686_15_97
G A G G A G C C G T G T A
A A G G G G C C G T G T T
# 51686_15_98
G A G G A G C C G T G T A
G A G G A G C C G T G T T
# 51686_3
G A G G A G C C G T G T A
G A G G A G C C G T G T A
# 51686_37
G A G G A G C C G T G T A
A A T G G G C C G C T G T
# 51686_6
G A G G A G C C G T G T A
A A T G G G C C G T G T A
# 51686_70
G A G G G G C T G C T G T
G A G G A G C C G T G T A
# 51686_71
G A G G G G C C G T G T A
G A G G A G C C G T G T A
# 51686_72
G A G G G G C C G T G T A
A A T G G G C C G T G T A
# 51686_93
G A G G A G C C G T G T A
G A G G A G C C G T G T A
# 51686_95
G A G G G G C C G T G T A
G A G G A G C C G T G T A
# 51686_96
G A G G A G C C G T G T A
G A G G A G C C G T G T A
# 51686_97
G A G G A G C C G T G T A
G A G G A G C C G T G T A
# 51686_98
G A G G A G C C G T G T A
G A G G A G C C G T G T T
# 51761_17_005
G A G G G G C C G T G T A
G A G G A G C C G T G T A
# 51761_17_008
G A G G A G C C G T G T A
G A G G A G C C G T G T A
# 51761_17_011
G A G G A G C C G T G T A
G A G G A G C C G T G T A
# 51761_17_028
G A G G G G C C G T G T A
G A G G A G C C G T G T T
# 51761_17_032
G A G G A G C C G T G T A
G A G G A G C C G T G T A
# 51761_17_034
A A T A G T A T A C T G A
G A G G A G C C G T G T A
# 51761_17_045
A A T A G T A T A C T G A
G A T A G T A T G C T G T
# 51761_17_049
G A G G A G C C G T G T A
G A G G A G C C G T G T T
# 51761_17_37
G A G G A G C C G T G T A
G A G G A G C C G T G T A
# 51761_17_38
G A G G A G C C G T G T A
G A G G A G C C G T G T A
# 52008_2018_002
G A G G A G C C G T G T A
G A G G A G C C G T T T A
# 52008_2018_003
G A G G A G C C G T G T A
G A G G A G C C G T G T A
# 52008_2018_008
G A G G A G C C G T G T A
G A G G A G C C G T G T A
# 52008_2018_051
A A T A G T A T A C T G A
A A T A G T A T A C T G T
# 52008_2018_RP003
G A G G A G C C G T G T A
G A G G A G C C G T G T A
# 52009_061918_1_Elk
G A T A G T A T A C T G A
A A T A G T A T A C T G A
# 52009_061918_1_Mills
G A T G G G C T A T T G A
G A G G A G C C G T G T A
# 52009_061918_10_Elk
G A T A G T A T A C T G A
A A T A G T A T A C T G A
# 52009_061918_10_Mills
G A T A G T A T A C T G A
G A G G A G C C G T G T A
# 52009_061918_11_Elk
G A T A G T A T A C T G A
A A T A G T A T A C T G A
# 52009_061918_11_Mills
G A T A G T A T A C T G A
G A G G A G C C G T G T A
# 52009_061918_12_Elk
G A T A G T A T A C T G A
G A T A G T A T A C T G A
# 52009_061918_12_Mills
G A G G A G C C G T G T A
G A G G A G C C G T G T A
# 52009_061918_13_Elk
G A T A G T A T A C T G A
G A T A G T A T A C T G A
# 52009_061918_13_Mills
G A T A G T A T A C T G A
G A G G A G C C G T G T A
# 52009_061918_14_Elk
G A T A G T A T A C T G A
A A T A G T A T A C T G T
# 52009_061918_14_Mills
G A G G A G C C G T G T A
G A G G A G C C G T G T A
# 52009_061918_15_Elk
G A T A G T A T A C T G A
G A G G A G C C G T G T A
# 52009_061918_16_Elk
G A T A G T A T A C T G A
G A T A G T A T A C T G A
# 52009_061918_16_Mills
G A T A G T A T A C T G A
G A G G A G C C G T T T A
# 52009_061918_17_Elk
G A T A G G C T A C T G A
G A T A G T A T A T T G A
# 52009_061918_18_Mills
G A G G G G C C G T G T A
G A G G A G C C G T G T A
# 52009_061918_19_Elk
A A T A G T A T A C T G A
A A T A G T A T A C T G T
# 52009_061918_19_Mills
G A G G A G C C G T G T A
G A G G A G C C G T G T A
# 52009_061918_2_Elk
G A T A G T A T A C T G A
A A T A G T A T A C T G A
# 52009_061918_2_Mills
G A G G A G C C G T G T A
G A G G A G C C G T G T A
# 52009_061918_20_Elk
G A T A G T A T A C T G A
A A T A G T A T A C T G A
# 52009_061918_20_Mills
G A G G G G C T A C T T A
G A G G A G C C G T G T A
# 52009_061918_21_Mills
G A G G A G C C A C T G A
G A G G A G C C G T G T A
# 52009_061918_22_Elk
G A T A G T A T A C T G A
A A T A G T A T A C T G T
# 52009_061918_24_Elk
G A T A G T C T A C T G A
G A T G G T A T A T T G A
# 52009_061918_25_Mills
G A T A G T A T A C T G A
G A G G A G C C G T G T A
# 52009_061918_26_Mills
G A G G A G C C G C T G T
A A T A G T A T A T G T T
# 52009_061918_28_Mills
A A T A G T A T A C T G A
A A T A G T A T A C T G T
# 52009_061918_29_Mills
A A G G G G C C G T G T A
G A T G A G C C G T G T A
# 52009_061918_3_Elk
A A T A G T A T A C T G A
G A T G G G C C G T G T A
# 52009_061918_31_Mills
A A G G G G C C G T G T A
G A T G A G C C G T G T A
# 52009_061918_32_Mills
G A T A G T A T A C T G A
A A T A G T A T A C T G A
# 52009_061918_33_Mills
G A T A G T A T A C T G A
G A G G A G C C G T G T A
# 52009_061918_34_Mills
G A T A G T A T A C T G A
G A G G A G C C G T G T A
# 52009_061918_35_Mills
G A G G A G C C G T G T A
G A G G A G C C G T G T A
# 52009_061918_36_Mills
G A G G A G C C G T G T A
G A G G A G C C G T G T A
# 52009_061918_4_Elk
G A T A G T A T A C T G A
G A T A G T A T A C T G T
# 52009_061918_4_Mills
G A G G A G C C G T G T A
G A G G A G C C G T G T A
# 52009_061918_5_Elk
A A T A G T A T A C T G A
A A T A G T A T A C T G A
# 52009_061918_5_Mills
G A G G A G C C G T G T A
G A G G A G C C G T G T A
# 52009_061918_6_Elk
G A T A G T A T A C T G A
A A T A G T A T A C T G A
# 52009_061918_6_Mills
G A T A G T A T A C T G A
A A T A G T A T A C T G A
# 52009_061918_7_Elk
G A T A G T A T A C T G A
A A T A G T A T A C T G A
# 52009_061918_7_Mills
G A G G A G C C G T G T A
G A G G A G C C G T G T A
# 52009_061918_8_Elk
G A T A G T A T A C T G A
G A T A G T A T A C T G A
# 52009_061918_8_Mills
G A G G A G C C G T G T A
G A G G A G C C G T G T A
# 52009_061918_9_Elk
A A T A G T A T A C T G A
A A T A G T A T A C T G A
# 52009_061918_9_Mills
G A G G A G C C G T G T T
G A G G A G C C G T G T A
# 52009_062018_61_Hayes
G A T A G T A T A C T G A
A A T A G T A T A C T G A
# 52009_062018_62_Hayes
G A T A G T A T A C T G A
A A T A G T A T A C T G A
# 52009_062018_63_Hayes
G A T A G T A T A C T G A
A A T A G T A T A C T G A
# 52009_062018_64_Hayes
G A T A G T A T A C T G A
A A T A G T A T A C T G A
# 52009_062018_65_Hayes
G A T A G T A T A C T G A
A A T A G T A T A C T G A
# 52009_062018_66_Hayes
G A T A G T A T A C T G A
A A T A G T A T A C T G A
# 52009_062018_67_Hayes
G A T A G T A T A C T G A
G A T A G T A T A C T G A
# 52009_062018_68_Hayes
G A T A G T A T A C T G A
G A T A G T A T A C T G A
# 52009_062018_69_Hayes
A A T A G T A T A C T G A
G A T G G G C C G T G T A
# 52009_062018_70_Hayes
G A T A G T A T A C T G A
A A T A G T A T A C T G A
# 52009_062018_71_Hayes
G A T A G T A T A C T G A
A A T G G G C C G T G T A
# 52009_062018_72_Hayes
G A T A G T A T A C T G A
A A T A G T A T A C T G A
# 52009_062018_73_Hayes
A A T A G T A T A C T G A
A A T A G T A T A C T G A
# 52009_062018_74_Hayes
G A T A G T A T A C T G A
A A T A G T A T A C T G T
# 52009_062018_75_Hayes
G A T A G T A T A C T G A
A A T A G T A T A C T G A
# 52009_062018_76_Hayes
A A T G G G C T A C T G T
G A T G G G C C G T G T A
# 52009_062018_77_Hayes
G A T A G T A T A C T G A
A A T A G T A T A C T G A
# 52009_062118_1_Geyser
G A T A G T A T A C T G A
G A G G A G C C G T G T A
# 52009_062118_11_Geyser
G A T A G T A T A C T G A
G A T A G T A T A C T G A
# 52009_062118_6_Geyser
A A T A G T A T A C T G A
G A T A G T A T A C T G T
# 52009_062118_7_Geyser
A A T A G T A T A C T G T
G A G G A G C C G T G T A
# 52009_071918_17_Geyser
G A T A G T A T A C T G A
G A T A G T A T A C T G A
# 52009_071918_18_Geyser
G A T A G T A T A C T G A
G A G G G G C C A C T G A
# 52009_071918_19_Geyser
A A T A G T A T A C T G T
A A T A G T A T A C T G T
# 52009_071918_20_Geyser
G A T G G G C T A T T G A
G A G G G G C C A C G T A
# 52009_071918_21_Geyser
G A T A G T A T A C T G A
A A G G G G C C A T G T T
# 52009_071918_22_Geyser
A A T A G T A T A C T G A
A A G G G G C C G C G T T
# 52009_071918_23_Geyser
G A T A G T A T A C T G A
G A T A G T A T A C T G A
# 52009_071918_24_Geyser
A A T A G T A T A C T G A
G A G G A G A C G T G T T
# 52009_071918_25_Geyser
A A G G G G C C A T G T T
A A T A G T A T A C T G A
# 52009_071918_26_Geyser
A A T A G T A T A C T G T
A A T A G T A T A C T G T
# 52009_071918_27_Geyser
G A T A G T A T A C G G A
A A T G G G C C G T G T T
# 52009_071918_28_Geyser
G A T G G G C C G T G T A
G A G G A G C C G T G T T
# 52009_071918_29_Geyser
G A T A G G C T A C T G A
G A T A G T A T A T T G A
# 52009_071918_30_Geyser
G A T A G T A T A C T G A
A A T A G T A T A C T G A
# 52009_071918_31_Geyser
A A T A G T A T A C T G A
G A T G G G C C G T G T A
# 52009_071918_33_Geyser
G A T A G T A T A C T G A
G A T A G T A T A C T G A
# 52009_071918_34_Geyser
G A T A G T A T A C T G A
G A T G A G C T A C T G T
# 52009_071918_35_Geyser
G A T A G T A T A C T G A
G A G G A G C C G T G T A
# 52009_071918_36_Geyser
G A T A G T A T A C T G A
G A G G A G C C G T G T A
# 52009_071918_37_Geyser
G A T G G G C T A C T G T
G A G G A G C C G T G T A
# 52009_072418_1_Elk
G A T A G T A T A C T G A
G A T A G T A T A C T G A
# 52009_072418_10_Elk
G A T A G T A T A C T G A
G A T A G T A T A C T G A
# 52009_072418_11_Elk
G A T A G T A T A C T G A
A A T A G T A T A C T G A
# 52009_072418_12_Elk
A A T A G T A T A C T G A
A A T A G T A T A C T G A
# 52009_072418_13_Elk
A A T A G T A T A C T G A
A A T G G G C C G C G T A
# 52009_072418_14_Elk
A A T A G T A T A C T G A
G A G G A G C C G T T T T
# 52009_072418_15_Elk
G A T A G T A T A C T G A
G A T A G T A T A C T G A
# 52009_072418_16_Elk
G A T A G T A T A C T G A
G A T A G T A T A C T G A
# 52009_072418_17_Elk
G A T A G T A T A C T G A
A A T A G T A T A C T G A
# 52009_072418_18_Elk
G A T A G T A T A C T G A
G A T A G T A T A C T G A
# 52009_072418_19_Elk
G A T A G T A T A C T G A
A A T A G T A T A C T G A
# 52009_072418_2_Elk
A A T A G T A T A C T G T
A A T A G T A T A C T G T
# 52009_072418_20_Elk
G A T A G T A T A C T G A
G A T A G T A T A C T G A
# 52009_072418_21_Elk
A A T A G T A T A C T G A
A A T A G T A T A C T G T
# 52009_072418_22_Elk
G A T A G T A T A C T G A
A A T A G T A T A C T G A
# 52009_072418_23_Elk
A A T A G T A T A C T G A
G A G G A G C C G C G T T
# 52009_072418_24_Elk
G A T A G T A T A C T G A
A A T A G T A T A C T G A
# 52009_072418_3_Elk
G A T A G T A T A C T G A
A A T A G T A T A C T G A
# 52009_072418_4_Elk
G A T A G T A T A C T G A
A A T A G T A T A C T G A
# 52009_072418_5_Elk
A A T A G T A T A C T G A
A A T A G T A T A C T G T
# 52009_072418_6_Elk
A A T A G T A T A C T G T
A A T A G T A T A C T G T
# 52009_072418_7_Elk
G A T A G T A T A C T G A
G A G G A G C C G C G T T
# 52009_072418_8_Elk
G C T A G T A T A C T G A
G C T A G T A T A C T G A
# 52009_072418_9_Elk
G A T A G T A T A C T G A
A A T A G T A T A C T G T
# 52009_072518_25_Hayes
G A T A G T A T A C T G A
A A T A G T A T A C T G T
# 52009_072518_26_Hayes
G A T A G T A T A C T G A
A A T A G T A T A C T G A
# 52009_072518_27_Hayes
A A T A G T A T A C T G A
A A T A G T A T A C T G T
# 52009_072518_28_Hayes
G A T A G T A T A C T G A
G A T A G T A T A C T G A
# 52009_072518_29_Hayes
G A T A G T A T A C T G A
A A T A G T A T A C T G A
# 52009_072518_30_Hayes
G A T A G T A T A C T G A
G A T A G T A T A C T G A
# 52009_072518_31_Hayes
G A T A G T A T A C T G A
G A T A G T A T A C T G T
# 52009_072518_32_Hayes
G A T A G T A T A C T G A
A A T A G T A T A C T G A
# 52009_072518_33_Hayes
G A T A G T A T A C T G A
G A T A G T A T A C T G A
# 52009_072518_34_Hayes
G A T A G T A T A C T G A
A A T A G T A T A C T G A
# 52009_072518_35_Hayes
G A T A G T A T A C T G A
A A T A G T A T A C T G A
# 52009_072518_36_Hayes
G A T A G T A T A C T G A
A A T A G T A T A C T G A
# 52009_072518_37_Hayes
G A G G A G C C G T G T A
A A T A G T A T A C T G T
# 52009_072518_38_Hayes
G A T A G T A T A C T G A
A A T A G T A T A C T G A
# 52009_072518_39_Hayes
A A T A G T A T A C T G A
A A T A G T A T A C T G A
# 52009_072518_39_Mills
G A G G A G C C G T G T A
G A G G A G C C G T G T A
# 52009_072518_40_Hayes
A A T A G T A T A C T G A
A A T G G G C C G C G T A
# 52009_072518_40_Mills
G A T A G T A T A C T G A
G A G G A G C C G T G T A
# 52009_072518_41_Hayes
G A T A G T A T A C T G A
G A T A G T A T A C T G A
# 52009_072518_41_Mills
G A G G A G C C G T G T A
G A G G A G C C G T G T A
# 52009_072518_42_Hayes
G A T A G T A T A C T G A
G A T A G T A T A C T G A
# 52009_072518_42_Mills
G A T G G G C T A T T G A
G A G G A G C C G T G T A
# 52009_072518_43_Hayes
G A T A G T A T A C T G A
A A T A G T A T A C T G A
# 52009_072518_43_Mills
G A G G A G C C G T G T A
G A G G A G C C G T G T T
# 52009_072518_44_Hayes
G A T A G T A T A C T G A
G A T A G T A T A C T G A
# 52009_072518_44_Mills
G A G G A G C C G T G T A
G A G G A G C C G T G T A
# 52009_072518_45_Hayes
A A T A G T A T A C T G A
A A T A G T A T A C T G T
# 52009_072518_45_Mills
G A G G A G C C G T G T A
G A G G A G C C G T G T A
# 52009_072518_46_Hayes
G A T A G T A T A C T G A
A A T A G T A T A C T G A
# 52009_072518_46_Mills
G A T A G T A T A C T G A
A A T A G T A T A C T G A
# 52009_072518_47_Hayes
G A T A G T A T A C T G A
A A G G G G C C G T G T T
# 52009_072518_47_Mills
G A T A G T A T A C T G A
G A G G A G C C A C T G A
# 52009_072518_48_Hayes
G A T A G T A T A C T G T
A A G G G G C C G C G T T
# 52009_072518_48_Mills
G A G G A G C C G T G T A
G A G G A G C C G T G T A
# 52009_072518_49_Hayes
G A T A G T A T A C T G A
A A T A G T A T A C T G A
# 52009_072518_49_Mills
G A T A G T A T A C T G A
G A G G A G C C G T G T A
# 52009_072518_50_Hayes
A A T A G T A T A C T G A
A A T A G T A T A C T G A
# 52009_072518_50_Mills
G A G G A G C C G T G T A
G A G G A G C C G T G T A
# 52009_072518_51_Hayes
G A T A G T A T A C T G A
G A T A G T A T A C T G A
# 52009_072518_51_Mills
G A G G A G C C G T G T A
G A G G A G C C G T G T A
# 52009_072518_52_Hayes
G A T A G T A T A C T G A
A A G G G G C C G T G T T
# 52009_072518_52_Mills
G A T A G T A T A C T G A
G A G G A G C C G T G T A
# 52009_072518_53_Hayes
A A T A G T A T A C T G A
A A T A G T A T A C T G T
# 52009_072518_54_Hayes
A A T A G T A T A C T G A
A A T A G T A T A C T G T
# 52009_082018_53_Geyser
A A T A G T A T A C T G A
G A G G A G C C G T G T A
# 52009_082018_54_Geyser
A C T A G T A T A C T G T
A A T G G G C C G C T T A
# 52009_082018_55_Geyser
A A T A G T A T A C T G A
A A T G G G C C G C G T A
# 52009_082018_56_Geyser
G A T A G T A T A C T G A
A A T A G T A T A C T G A
# 52009_082018_57_Geyser
A A G G G G C C G T G T A
G A T G A G C C G T G T A
# 52009_082018_58_Geyser
G A T A G T A T A C T G A
A A T A G T A T A C T G A
# 52009_082018_59_Geyser
A A T A G T A T A C T G A
G A T G G G C C G T G T A
# 52009_082018_60_Geyser
A A T A G T A T A C T G T
G A G G A G C C G T G T A
# 52009_082018_61_Geyser
G A T A G T A T A C T G A
A A G G G G C C G T G T A
# 52009_082018_62_Geyser
A A T A G T A T A C T G A
A A T A G T A T A C T G T
# 52009_082018_63_Geyser
A A T A G T A T A C T G A
A A T G G G C C G T G T A
# 52009_082018_64_Geyser
G A G G A G C C G T G T T
G A G G A G C C G T G T T
# 52009_082018_65_Geyser
A A T A G T A T A C T G A
G A T G G G C C G T G T A
# 52009_082018_66_Geyser
G A T A G T A T A C T G A
G A G G A G C T G T G T A
# 52009_082018_67_Geyser
G A T A G T A T A C T G A
G A G G A G C C A C T G A
# 52009_082018_68_Geyser
A A G G G G C C G T G T A
G A T G A G C C G T G T A
# 52009_082018_69_Geyser
G A T A G T A T A C T G A
A A T A G T A T A C T G A
# 52009_082018_70_Geyser
G A T G G G C T A C T G T
G A G G A G C C G T G T T
# 52009_082018_71_Geyser
G A T A G T A T A C T G A
A A T A G T A T A C T G A
# 52009_082018_72_Geyser
A A T A G T A T A C T G A
G A T A G T A T A C T G T
# 52009_082018_73_Geyser
G A T A G T A T A C T G A
G A T A G T A T A C T G A
# 52009_082018_74_Geyser
G A T A G T A T A C T G A
A A T A G T A T A C T G A
# 52009_082018_75_Geyser
A A T A G T A T A C T G A
G A T G G G C C G T G T A
# 52009_082018_76_Geyser
G A T A G T A T A C T G A
G A G G A G C C G T G T A
# 52009_082018_77_Geyser
A A T A G T A T A C T G T
G A T G A G C T A C T G T
# 52009_082018_78_Geyser
G A T A G T A T A C T G A
G A T A G T A T A C T G A
# 52009_082018_79_Geyser
G A G G A G C C G T G T T
G A G G A G C C G T G T T
# 52009_082018_80_Geyser
G A G G A G C C G T G T A
G A G G A G C C G T G T A
# 52009_082018_81_Geyser
A A T A G T A T A C T G A
G A T G A G C T A C T G T
# 52009_082018_82_Geyser
G A T A G T A T A C T G A
G A G G A G C C G T G T A
# 52009_082018_83_Geyser
G A G G A G C C G T G T T
G A G G A G C C G T G T A
# 52009_082018_84_Geyser
G A T G G G C T A T T G A
G A G G A G C C G T G T A
# 52009_082118_1_Elk
G A T A G T A T A C T G A
A A T A G T A T A C T G T
# 52009_082118_10_Elk
A A T A G T A T A C T G A
A A G G G G C C G C T T A
# 52009_082118_11_Elk
A A T A G T A T A C T G A
G A T A G T A T A C T G T
# 52009_082118_12_Elk
G A T A G T A T A C T G A
G A T A G T A T A C T G A
# 52009_082118_13_Elk
G A T A G T A T A C T G A
A A T A G T A T A C T G A
# 52009_082118_14_Elk
G A T A G T A T A C T G A
A A T A G T A T A C T G A
# 52009_082118_15_Elk
G A T A G T A T A C T G A
A A T A G T A T A C T G A
# 52009_082118_16_Elk
G A T A G T A T A C T G A
A A T A G T A T A C T G A
# 52009_082118_17_Elk
G A T A G T A T A C T G A
G A G G A G C C G T G T A
# 52009_082118_18_Elk
G A T G G T C T A T T G A
G A G G A G C C G T G T A
# 52009_082118_19_Elk
G A T A G T A T A C T G A
A A T A G T A T A C T G A
# 52009_082118_2_Elk
G A T A G T A T A C T G A
A A T A G T A T A C T G A
# 52009_082118_20_Elk
G A T A G T A T A C G G A
G A G G A G C C G T G T A
# 52009_082118_21_Elk
A A T A G T A T A C T G A
G A T A G T A T A C T G T
# 52009_082118_22_Elk
G A T A G T A T A C T G A
A A T A G T A T A C T G A
# 52009_082118_23_Elk
A A T A G T A T A C T G A
A A T A G T A T A C T G A
# 52009_082118_24_Elk
G A T A G T A T A C T G A
G A T A G T A T A C T G A
# 52009_082118_25_Elk
G A T A G T A T A C T G A
G A G G A G C C G T G T A
# 52009_082118_26_Elk
G A T A G T A T A C T G A
A A T A G T A T A C T G A
# 52009_082118_27_Elk
G A T A G T A T A C T G A
A A T A G T A T A C T G A
# 52009_082118_28_Elk
G A T A G T A T A C T G A
G A G G A G C C G T G T A
# 52009_082118_29_Elk
G A T A G T A T A C T G A
A A T A G T A T A C T G A
# 52009_082118_3_Elk
G A T A G T A T A C T G A
A A T A G T A T A C T G A
# 52009_082118_30_Elk
A A T A G T A T A C T G A
A A T A G T A T A C T G T
# 52009_082118_4_Elk
G A T A G T A T A C T G A
A A T A G T A T A C T G A
# 52009_082118_5_Elk
A A T A G T A T A C T G A
A A T A G T A T A C T G A
# 52009_082118_6_Elk
G A T A G T A T A C T G A
A A T A G T A T A C T G A
# 52009_082118_7_Elk
G A T A G T A T A C T G A
A A T A G T A T A C T G T
# 52009_082118_8_Elk
G A T A G T A T A C T G A
G A T A G T A T A C T G T
# 52009_082118_9_Elk
G A T A G T A T A C T G A
A A T A G T A T A C T G A
# 52009_082218_31_Hayes
G A T A G T A T A C T G A
G A T A G T A T A C T G A
# 52009_082218_32_Hayes
G A T A G T A T A C T G A
G A T A G T A T A C T G A
# 52009_082218_33_Hayes
G A T A G T A T A C T G A
G A T A G T A T A C T G A
# 52009_082218_34_Hayes
G A T A G T A T A C T G A
G A T G G G C T A C T G T
# 52009_082218_35_Hayes
G A T A G T A T A C T G A
A A T A G T A T A C T G T
# 52009_082218_36_Hayes
G A T A G T A T A C T G A
A A T A G T A T A C T G A
# 52009_082218_37_Hayes
G A T A G T A T A C T G A
G A T A G T A T A C T G A
# 52009_082218_38_Hayes
G A T A G T A T A C T G A
A A T A G T A T A C T G T
# 52009_082218_39_Hayes
G A T A G T A T A C T G A
A A T A G T A T A C T G A
# 52009_082218_40_Hayes
G A T A G T A T A C T G A
A A T A G T A T A C T G A
# 52009_082218_41_Hayes
A A T A G T A T A C T G A
A A T A G T A T A C T G A
# 52009_082218_42_Hayes
G A T A G T A T A C T G A
G A T A G T A T A C T G A
# 52009_082218_43_Hayes
G A T A G T A T A C T G A
A A T A G T A T A C T G A
# 52009_082218_44_Hayes
G A T A G T A T A C T G A
G A T A G T A T A C T G T
# 52009_082218_45_Hayes
G A T A G T A T A C T G A
G A T A G T A T A C T G A
# 52009_082218_46_Hayes
G A T A G T A T A C T G A
A A T A G T A T A C T G A
# 52009_082218_47_Hayes
G A T A G T A T A C T G A
A A T A G T A T A C T G A
# 52009_082218_48_Hayes
A A T A G T A T A C T G A
G A T A G T A T A C T G T
# 52009_082218_49_Hayes
G A T A G T A T A C T G A
G A T A G T A T A C T G T
# 52009_082218_50_Hayes
G A T A G T A T A C T G A
A A T A G T A T A C T G T
# 52009_082218_51_Hayes
G A T A G T A T A C T G A
G A T A G T A T A C T G A
# 52009_082218_52_Hayes
A A T A G T A T A C T G A
A A T A G T A T A C T G A
# 52009_082218_53_Hayes
G A T A G T A T A C T G A
A A T A G T A T A C T G T
# 52009_082218_54_Hayes
G A T A G T A T A C T G A
A A T A G T A T A C T G A
# 52009_082218_55_Hayes
G A T A G T A T A C T G A
A A T A G T A T A C T G A
# 52009_082218_56_Hayes
G A T A G T A T A C T G A
A A T A G T A T A C T G A
# 52009_082218_57_Hayes
G A T A G T A T A C T G A
G A T A G T A T A C T G A
# 52009_082218_58_Hayes
G A T A G T A T A C T G A
A A T A G T A T A C T G T
# 52009_082218_59_Hayes
G A T A G T A T A C T G A
A A T A G T A T A C T G A
# 52009_082218_60_Hayes
G A T A G T A T A C T G A
G A T A G T A T A C T G A
# 52009_082318_1_Mills
G A G G A G C C G T G T A
A A T A G T A T A C T G T
# 52009_082318_10_Mills
A A T A G T A T A C T G A
G A G G A G C C G T G T T
# 52009_082318_11_Mills
G A G G A G C C G T G T A
G A G G A G C C G T G T A
# 52009_082318_12_Mills
G A G G G G C C A T G T A
G A G G A G C C A C T G A
# 52009_082318_13_Mills
G A T A G T A T A C T G A
G A G G A G C C G T G T A
# 52009_082318_14_Mills
G A G G G G C C G T G T A
A A T G G G C C G T G T A
# 52009_082318_15_Mills
G A G G A G C C G T G T A
G A G G A G C C G T G T A
# 52009_082318_16_Mills
G A T G G G C C G T G T A
G A G G A G C C G T G T A
# 52009_082318_17_Mills
G A G G A G C C G T G T A
G A G G A G C C G T G T T
# 52009_082318_2_Mills
G A G G A G C C G T G T A
A A T G G G C C G T G T A
# 52009_082318_3_Mills
G A T G G G C C G T G T A
G A G G A G C C G T G T T
# 52009_082318_4_Mills
G A G G A G C C G T G T A
G A G G A G C C G T G T A
# 52009_082318_5_Mills
G A G G A G C C G T G T A
G A G G A G C C G T G T A
# 52009_082318_6_Mills
G A G G A G C C G T G T A
A A G G G G C C G T G T T
# 52009_082318_7_Mills
G A G G G G C C G T G T A
G A G G A G C C G T G T A
# 52009_082318_8_Mills
G A T G G G C C G T G T A
G A G G A G C C G T G T A
# 52009_082318_85_Mills
G A G G A G C C G T G T A
G A G G A G C C G T G T A
# 52009_082318_86_Mills
A A T A G T A T A C T G T
G A G G A G C C G T G T A
# 52009_082318_87_Mills
G A G G A G C C G T G T T
G A G G A G C C G T G T T
# 52009_082318_88_Mills
A A T A G T A T A C G G A
G A G G A G C C G T G T A
# 52009_082318_89_Mills
G A T A G T A T A C T G A
G A G G A G C C G T G T A
# 52009_082318_9_Mills
G A T G G G C C G T G T A
G A G G A G C C G T G T A
# 52009_082318_90_Mills
G A G G A G C C G T G T A
G A G G A G C C G T G T A
# 52009_082318_91_Mills
G A T A G T A T A C T G A
G A T A G G C C G C T T A
# 52009_082318_92_Mills
G A T G G G C C G T G T A
G A G G A G C C G T G T A
# 52009_082318_93_Mills
G A G G A G C C G T G T T
G A G G A G C C G T G T A
# 52009_082318_94_Mills
G A G G G G C C G T G T A
G A G G A G C C G T G T A
# 52009_082318_95_Mills
G A G G A G C C G T G T A
G A G G A G C C G T G T A
# 52009_082318_96_Mills
G A G G A G C C G T G T A
G A G G A G C C G T G T T
# 52009_091018_18_Geyser
G A T A G T A T A C T G A
A A T A G T A T A C T G A
# 52009_091018_19_Geyser
G A T A G T A T A C T G A
A A T A G T A T A C T G A
# 52009_091018_20_Geyser
G A T A G T A T A C T G A
A A T A G T A T A C T G A
# 52009_091018_21_Geyser
G A T A G T A T A C T G A
G A G G A G C C G T G T A
# 52009_091018_22_Geyser
G A T A G T C T A C T G A
G A T A G T A T A C T G A
# 52009_091018_24_Geyser
G A T A G T A T A C T G A
G A G G A G C C G T G T A
# 52009_091018_25_Geyser
A A T A G T A T A C T G T
G A G G A G C C G T G T T
# 52009_091018_26_Geyser
G A T A G T A T A C T G A
G A T A G T A T A C T G A
# 52009_091018_27_Geyser
G A T A G T A T A C T G A
A A T A G T A T A C T G A
# 52009_091018_28_Geyser
G A T A G T A T A C T G A
A A T A G T A T A C T G A
# 52009_091018_29_Geyser
G A G G A G C C G T G T A
G A G G A G C C G T G T A
# 52009_091018_30_Geyser
G A T A G T A T A C T G A
G A G G A G C C G T G T A
# 52009_091018_31_Geyser
G A T G G G C T A C T G T
G A G G A G C C G T G T A
# 52009_091018_33_Geyser
G A T G G G C T A C T G T
G A G G A G C C G T G T A
# 52009_091018_34_Geyser
G A T A G T A T A C T G A
A A T A G T A T A C T G A
# 52009_091018_35_Geyser
A A T A G T A T A C T G A
A A T A G T A T A C T G T
# 52009_091018_36_Geyser
A A T A G T A T A C T G A
A A T A G T A T A C T G T
# 52009_091018_37_Geyser
A A T A G T A T A C T G A
A A G G G G C C G T G T A
# 52009_091018_38_Geyser
G A T A G T A T A C T G A
G A G G A G C C G T G T A
# 52009_091018_39_Geyser
G A G G A G C C G C G T A
G A T G G G C T A C T G T
# 52009_091018_40_Geyser
G A G G A G C C G T G T A
G A T G G G C T A C T G T
# 52009_091018_41_Geyser
G A T A G T A T A C T G A
G A G G A G C C G T G T A
# 52009_091018_42_Geyser
A A T A G T A T A C T G A
G A T G G G C C G T G T A
# 52009_091018_43_Geyser
G A T A G T A T A C T G A
G A T G G G C T A C T G T
# 52009_091018_44_Geyser
G A T A G T A T A C T G A
A A T A G T A T A C T G A
# 52009_091018_45_Geyser
G A T A G T A T A C T G A
G A T G G G C T A C T G T
# 52009_091018_46_Geyser
G A T A G T A T A C T G A
A A T A G T A T A C T G A
# 52009_091018_47_Geyser
G A G G A G C C G T G T A
G A G G A G C C G T G T A
# 52009_091018_48_Geyser
G A G G A G C C G T G T A
G A G G A G C C G T G T A
# 52009_091118_49_Mills
G A G G A G C C G T G T A
G A G G A G C C G T G T A
# 52009_091118_50_Mills
G A G G A G C C G T G T A
G A G G A G C C G T G T A
# 52009_091118_51_Mills
G A G G A G C C G T G T A
G A G G A G C C G T G T A
# 52009_091118_52_Mills
G A G G A G C C G T G T A
G A G G A G C C G T G T A
# 52009_091118_53_Mills
G A G G A G C C G T G T A
A A G G G G C C G T G T A
# 52009_091118_54_Mills
G A G G A G C C G T G T A
G A G G A G C C G T G T A
# 52009_091118_55_Mills
G A T G A G C C G T G T A
G A G G A G C C G T G T T
# 52009_091118_56_Mills
G A T A G T A T A C G G A
G A G G A G C C G T G T T
# 52009_091118_57_Mills
G A G G A G C T A T T G T
G A G G A G C C G T G T A
# 52009_091118_58_Mills
G A G G A G C C G T G T A
A A G G G G C C G T G T T
# 52009_091118_59_Mills
G A G G A G C C G T G T T
G A G G A G C C G T G T A
# 52009_091118_60_Mills
G A G G A G C C G T G T A
G A G G A G C C G T G T A
# 52009_091118_61_Mills
G A T A G T A T A C T G A
G A G G A G C C G T G T A
# 52009_091118_62_Mills
G A G G A G C C G T G T A
G A G G A G C C G T G T T
# 52009_091118_63_Mills
G A G G A G C C G T G T A
G A G G A G C C G T G T A
# 52009_091118_64_Mills
G A T G G T A T A C T G A
G A G G A G C C G T G T A
# 52009_091118_66_Mills
G A G G A G C C G T G T A
G A G G A G C C G T G T T
# 52009_091118_67_Mills
G A G G A G C C G T G T A
G A G G A G C C G T G T A
# 52009_091118_68_Mills
G A G G G G C C G T G T T
A A G G A G C C G T G T T
# 52009_091118_69_Mills
G A G G A G C C G T G T A
A A G G G G C C G T G T A
# 52009_091118_70_Mills
A A G G G G C C G T G T A
G A T G A G C C G T G T A
# 52009_091118_71_Mills
G A G G G G C C G T G T A
G A G G A G C C G T G T A
# 52009_091118_72_Mills
A A T A G T A T A C T G A
G A T G G G C C G T G T A
# 52009_091118_73_Mills
G A T A G T A T A C T G A
G A G G G G C C A C T G A
# 52009_091118_74_Mills
G A G G A G C C G T G T T
G A G G A G C C G T G T A
# 52009_091118_75_Mills
G A G G A G C C G T G T A
G A G G A G C C G T G T A
# 52009_091118_76_Mills
G A T G G G C T A T T G A
G A G G A G C C G T G T A
# 52009_091118_77_Mills
G A G G A G C C G T G T A
G A G G A G C C G T G T A
# 52009_091118_78_Mills
G A G G A G C C G T G T A
G A G G A G C C G T G T A
# 52009_091118_79_Mills
G A T A G T A T A C T G A
G A G G A G C C G T G T A
# 52009_091218_85_Hayes
G A T G G T A T A C T G A
G A T A G T C T A T T G A
# 52009_091218_88_Hayes
G A T A G T A T A C T G A
A A T A G T A T A C T G A
# 52009_091218_89_Hayes
G A T A G T A T A C T G A
A A T A G T A T A C T G A
# 52009_091218_90_Hayes
G A T A G T A T A C T G A
G A T A G T A T A C T G A
# 52009_091218_91_Hayes
G A T A G T A T A C T G A
A A T A G T A T A C T G A
# 52009_091218_92_Hayes
G A T A G T A T A C T G A
A A T A G T A T A C T G A
# 52009_2018_002
G A T A G T A T A C T G A
A A T A G T A T A C T G A
# 52009_2018_003
G A T A G T A T A C T G A
A A T A G T A T A C T G A
# 52275_003
G A G G A G C C G T G T A
G A G G A G C C G T G T A
# 52275_004
A A G G G G C C G T G T A
G A G G A G C C G T G T A
# 52275_005
G A G G A G C C G T G T T
G A G G A G C C G T G T A
# 52275_006
G A G G G G C C G T G T A
G A G G A G C C G T G T A
# 52275_007
G A G G G G C C G T G T A
G A G G A G C C G T G T T
# 52275_008
G A G G A G C C G T G T A
G A G G A G C C G T G T T
# 52275_009
G A G G A G C C G T G T A
G A G G A G C C G T G T A
# 52275_010
A A G G G G C C G T G T A
A A T G G G C C G T G T A
# 52275_011
G A G G A G C C G T G T A
G A G G A G C C G T G T A
# 52275_012
G A G G A G C C G T G T A
A A G G G G C C G T G T A
# 52275_013
G A G G A G C C G T G T A
G A G G A G C C G T G T A
# 52275_014
G A T A G T A T A C T G A
A A T A G T A T A C T G A
# 52275_015
G A G G A G C C G T G T A
G A G G A G C C G T G T T
# 52275_016
G A G G A G C T A T T G A
A A T G G G C C G C T T A
# 52275_020
G A G G G G C C G T G T A
G A G G A G C C G T G T A
# 52275_021
G A G G A G C C G T G T A
G A G G A G C C G T G T A
# 52275_022
A A G G G G C C G T G T A
G A G G A G C C G T G T A
# 52275_024
G A G G A G C C G T G T T
G A G G A G C C G T G T A
# 52275_025
G A G G A G C C G T G T A
G A G G A G C C G T G T A
# 52275_026
G A G G A G C C G T G T A
G A G G A G C C A C T G A
# 52275_029
G A T G A G C C G T G T A
G A G G A G C C G T G T T
# 52275_030
G A G G G G C C G T G T A
G A G G A G C C G T G T A
# 52275_031
G A G G A G C C G T G T A
G A G G A G C C G T G T A
# 52275_032
G A G G A G C C G T G T A
G A G G A G C C G T G T A
# 52275_033
G A G G A G C C G T G T A
G A G G A G C C G T G T A
# 52275_034
G A G G G G C C G T G T T
G A G G A G C C G T G T T
# 52275_035
G A T G G G C C G T G T A
G A G G A G C C G T G T A
# 52275_036
G A G G A G C C G T G T A
G A G G A G C C G T G T A
# 52275_037
G A G G G G C C G T G T A
G A G G A G C C G T G T A
# 52275_038
G A G G G G C C G T G T A
G A G G A G C C G T G T A
# 52275_039
G A G G A G C C G T G T A
G A G G A G C C G T G T A
# 52275_041
G A G G A G C C G T G T A
G A G G A G C C G T G T T
# 52275_042
G A G G A G C C G T T T T
G A G G A G C C A C T G A
# 52275_043
A A G G G G C C G T G T A
G A G G A G C C G T G T A
# 52275_044
G A T A G T A T A C T G A
G A T A G T A T A C T G A
# 52275_045
G A T G G G C T A T T G A
G A G G A G C C G T G T A
# 52275_046
G A G G G G C C G T G T A
G A G G A G C C G T G T A
# 52275_047
A A G G G G C C G T G T A
G A G G A G C C G T G T A
# 52275_049
G A G G A G C C G T G T A
G A G G A G C C G T G T A
# 52275_050
G A G G A G C C G T G T T
G A G G A G C C G T G T A
# 52275_051
G A T G G G C C G T G T A
G A G G A G C C G T G T A
# 52275_052
G A G G A G C C G T G T A
G A G G A G C C G T G T A
# 52275_053
G A G G G G C C G T G T A
G A G G A G C C G T G T A
# 52275_054
G A G G G G C C G T G T A
G A G G A G C C G T G T T
# 52275_055
G A G G A G C C G T G T A
G A G G A G C C G T G T A
# 52275_060
G A G G G G C C G T G T A
G A G G A G C C G T G T T
# 52275_062
G A G G A G C C G T G T A
G A G G A G C C G T G T T
# 52275_063
G A G G G G C C G T G T A
G A G G A G C C G T G T A
# 52275_064
G A G G G G C C G T G T A
A A T G G G C C G T G T A
# 52275_065
G A G G A G C C G T G T T
G A G G A G C C G T G T A
# 52275_066
G A T G G G C T A C G G T
G A G G A G C C G T G T A
# 52275_070
G A G G A G C C G T G T A
A A G G G G C C G T G T T
# 52275_071
G A G G A G C C G T G T A
A A T G G G C C G T G T A
# 52275_072
G A G G A G C C G T G T A
G A G G A G C C G T G T A
# 52275_073
G A T A G T A T A C T G A
G A G G A G C C G T G T T
# 52275_074
G A G G A G C C G T G T A
G A G G A G C C G T G T A
# 52275_075
G A G G A G C C G T G T A
G A G G A G C C G T G T A
# 52275_077
G A G G G G C C G T G T A
G A G G G G C C G T G T A
# 52275_078
G A G G A G C C G T G T A
A A T G G G C C G T G T A
# 52275_079
G A T G G G C C G T G T A
A A T G G G C C G T G T A
# 52275_080
G A T G G G C C G T G T T
G A G G A G C C G T G T A
# 52275_082
G A T G G G C T A C G G T
A A G G G G C C G C G T T
# 52275_085
G A G G A G C C G T G T A
G A G G A G C C G T G T A
# 52275_086
G A G G A G C C G T G T A
G A G G A G C C G T G T A
# 52275_087
G A G G A G C C G T G T A
G A G G A G C C G T G T A
# 52275_088
G A G G A G C C G T G T A
G A G G A G C C G T G T A
# 52275_089
G A G G G G C C G T G T A
G A G G A G C C G T G T A
# 52275_090
G A G G A G C C G T G T A
G A G G A G C C G T G T A
# 52275_091
G A T G A G C C G T G T A
G A G G A G C C G T G T T
# 52275_092
G A G G A G C C G T G T A
G A G G A G C C G T G T A
# 52275_093
G A G G A G C C G T G T A
G A G G A G C C G T G T A
# 52275_094
G A G G G G C C G T G G A
G A G G A G C C G T G T A
# 52275_095
G A G G A G C C G T G T A
G A G G A G C C G T G T A
# 52275_096
G A G G A G C C G T G T A
A A T G G G C C G T G T T
# 52275_097
G A G G A G C C G T G T A
G A G G A G C C G T G T T
# 52275_099
G A G G G G C C G T G T A
G A G G A G C C G T G T A
# 52275_100
G A G G A G C C G T G T A
G A G G A G C C G T G T T
# 52275_101
G A G G A G C C G T G T A
G A G G A G C C G T G T T
# 52275_102
G A G G A G C C G T G T A
A A T G G G C C G T G T T
# 52275_103
G A G G A G C C G T G T A
G A G G A G C C G T G T A
# 52275_104
G A T A G T A T A C T G A
A A T A G T A T A C T G A
# 52275_110
G A G G A G C C G T G T A
A A T G G G C C G T G T T
# 52275_111
G A G G A G C C G T G T A
A A G G G G C C G T G T A
# 52275_121
G A G G A G C C G T G T T
A A G G G G C C G T G T T
# 52275_146
G A T A G T A T A C T G A
A A T A G T A T A C T G A
# 52275_147
G A G G A G C C G T G T A
G A G G A G C C G T G T A
# 52275_148
A A G G G G C C G T G T A
G A G G A G C C G T G T A
# 52275_149
G A G G A G C C G T G T A
G A G G A G C C G T G T T
# 52275_150
G A G G A G C C G T G T A
G A G G A G C C G T G T A
# 52275_151
G A G G A G C C G T G T A
G A G G A G C C G T G T T
# 52275_152
G A G G A G C C G T G T A
G A G G A G C C G T G T A
# 52275_153
G A G G A G C C G T G T A
G A G G A G C C G T G T A
# 52275_154
G A G G A G C C G T G T A
G A G G A G C C G T G T A
# 52275_155
G A G G A G C C G T G T A
G A G G A G C C G T G T A
# 52275_156
G A G G A G C C G T G T A
G A G G A G C C G T G T T
# 52275_157
G A G G A G C C G T G T A
G A G G A G C C G T G T A
# 52275_158
G A G G A G C C G T G T T
G A G G A G C C G T G T T
# 52275_159
G A T G A G C C G T G T A
G A G G A G C C G T G T T
# 52275_160
G A G G A G C C G T G T A
G A G G A G C C G T G T A
# 52275_161
G A G G A G C C G T G T A
G A G G A G C C G T G T A
# 52275_162
G A G G A G C C G T G T A
G A G G A G C C G T G T A
# 52275_164
G A G G A G C C G T G T A
G A G G A G C C G T G T A
# 52275_165
G A G G A G C C G T G T A
G A G G A G C C G T G T A
# 52275_166
A A G G G G C C G T G T T
A A G G G G C C G T G T T
# 52275_167
G A T A G T A T A C T G A
A A G G G G C C G C G T T
# 52275_168
G A T A G T A T A C T G A
G A T A G T A T A C T G A
# 52275_169
G A T A G T A T A C T G A
A A T A G T A T A C T G T
# 52275_170
G A T A G T A T A C T G A
G A T A G T A T A C T G A
# 52275_171
G A T A G T A T A C T G A
G A T A G T A T A C T G A
# 52275_173
A A T A G T A T A C T G A
A A T A G T A T A C T G A
# 52275_175
G A T A G T A T A C T G A
A A T A G T A T A C T G A
# 52275_176
A A G G G G C C G T G T A
G A G G A G C C G T G T A
# 52275_177
G A T A G T A T A C T G A
A C T G G G C C G C T T T
# 52275_178
G A T A G T A T A C T G A
A A T A G T A T A C T G A
# 52275_179
G A T A G T A T A C T G A
A A T A G T A T A C T G A
# 52275_180
G A T A G T A T A C T G A
A A T A G T A T A C T G A
# 52275_181
G A T A G T A T A C T G A
G A T A G T A T A C T G A
# 52275_182
G A T A G T A T A C T G A
A A T A G T A T A C T G A
# 52275_183
G A G G A G C C G T G T A
G A G G A G C C G T G T A
# 52275_184
G A G G A G C C G T G T A
G A G G A G C C G T G T A
# 52275_185
G A T A G T A T A C T G A
A A T A G T A T A C T G A
# 52275_186
G A T A G T A T A C T G A
A A T A G T A T A C T G A
# 52275_188
G A T A G T A T A C T G A
G A T A G T A T A C T G A
# 52275_189
G A T A G T A T A C T G A
G A T A G T A T A C T G T
# 52275_190
G A T A G T A T A C T G A
G A T A G T A T A C T G A
# 52275_191
G A T A G T A T A C T G A
G A T A G T A T A C T G A
# 52275_192
G A T A G T A T A C T G A
G A T A G T A T A C T G A
# 52275_193
A A T A G T A T A C T G A
A A T A G T A T A C T G T
# 52275_194
G A T A G T A T A C T G A
A A T A G T A T A C T G A
# 52275_195
A A T A G T A T A C T G T
A A T A G T A T A C T G T
# 52331_001
G A G G A G C C G T G T A
G A G G A G C C G T G T A
# 52331_004
G A T G A G C C G T G T A
G A G G A G C C G T G T A
# 52331_005
G A G G A G C C G T G T A
G A G G A G C C G T G T A
# 52331_006
G A T G A G C C G T G T A
A A T G G G C C G T G T A
# 52331_009
G A T G A G C C G T G T A
G A T G A G C C G T G T A
# 52331_010
A A T G G G C C G T G T A
A A T G G G C C G T G T A
# 52331_011
G A T A A G C C G T G T A
G A T G A G C C G T G T A
# 52331_012
G A T G A G C C G T G T A
A A T G G G C C G T G T A
# 52331_013
G A G G G G C C G T G T A
A A T G G G C C G T G T A
# 52331_014
A A T G G G C C G T G T A
A A T G G G C C G T G T A
# 52331_015
G A T G A G C C G T G T A
A A T G G G C C G T G T A
# 52331_016
G A G G A G C C G T G T A
A A T G G G C C G T G T A
# 52331_017
G A T G A G C C G T G T A
G A G G A G C C G T G T A
# 52331_018
G A T G A G C C G T G T A
A A T G G G C C G T G T A
# 52331_019
G A T G A G C C G T G T A
G A G G A G C C G T G T A
# 52331_020
G A T G A G C C G T G T A
A A T G G G C C G T G T A
# 52331_021
G A T G G G C C G T G T A
A A T G G G C C G T G T A
# 52331_022
G A G G A G C C G T G T A
A A T G G G C C G T G T A
# 52331_023
G A T G A G C C G T G T A
A A T G G G C C G T G T A
# 52331_025
G A T G A G C C G T G T A
G A G G A G C C G T G T A
# 52331_026
G A T G A G C C G T G T A
A A T G G G C C G T G T A
# 52331_027
G A T G A G C C G T G T A
A A T G G G C C G T G T A
# 52382_2020_001
G A G G A G C C G T G T A
A A T G G G C C G T G T A
# 52382_2020_002
G A G G A G C C G T G T A
A A T G G G C C G T G T A
# 52382_2020_003
G A G G A G C C A C T G A
G A G G G G C C A C G T A
# 52382_2020_004
G A T A G T A T A C T G A
G A G G A G C C G T G T T
# 52382_2020_007
A A G G G G C C G T G T A
A A T G G G C C G T G T A
# 52382_2020_008
G A G G A G C C G T G T A
G A G G A G C C G T G T A
# 52382_2020_009
G A T A G T A T A C T G A
G A G G A G C C G T T T A
# 52382_2020_010
G A G G A G C C G T G T A
G A G G A G C C G T G T A
# 52382_2020_030
G A G G A G C C G T G T A
A A T G G G C C G T G T A
# 52382_2020_031
A A G G G G C C G T G T A
G A G G A G C C G T G T A
# 52382_2020_032
G A G G A G C C G T G T A
G A G G A G C C G T G T A
# 52382_2020_033
G A G G A G C C G T G T A
G A G G A G C C G T G T A
# 52382_2020_034
G A G G A G C C A C T G A
G A G G A G C C G T T T A
# 52382_2020_035
G A T G A G C C G T G T A
G A G G A G C C G T G T T
# 52382_2020_040
G A G G G G C C G T G T A
G A G G G G C C G T G T A
# 52382_2020_041
G A T G G G C C G T G T A
G A G G A G C C G T G T A
# 52382_2020_043
G A G G A G C C G T G T A
G A G G A G C C G T G T A
# 52382_2020_044
G A G G A G C C G T G T A
G A G G A G C C G T G T T
# 52382_2020_051
G A G G A G C C G T G T A
G A G G A G C C G T G T A
# 52382_2020_052
G A G G A G C C G T G T A
G A G G A G C C G T G T A
# 52382_2020_053
A A G G G G C C G T G T A
G A G G A G C C G T G T A
# 52382_2020_054
G A G G A G C C G T G T A
G A G G A G C C G T G T T
# 52382_2020_055
G A G G G G C C G T G T A
G A G G A G C C G T G T A
# 52382_2020_056
G A G G A G C C G T G T A
A A T G G G C C G T G T T
# 52382_2020_057
G A G G A G C C G T G T A
G A G G A G C C G T G T T
# 52382_2020_058
G A G G A G C C G T G T A
G A G G A G C C G T G T A
# 52382_2020_059
G A G G G G C C G T G T A
G A G G A G C C G T G T A
# 52382_2020_060
G A G G G G C C G T G T A
G A G G A G C C G T G T T
# 52382_2020_061
G A G G G G C C G T G T A
G A G G A G C C G T G T A
# 52382_2020_062
G A G G G G C C G T G T T
G A G G A G C C G T G T T
# 52382_2020_070
G A G G A G C C G T G T T
G A G G A G C C G T G T A
# 52382_2020_071
G A T G A G C C G T G T A
G A G G A G C C G T G T A
# 52382_2020_072
G A G G A G C C G T G T A
G A G G A G C C G T G T A
# 52382_2020_073
G A G G A G C C G T G T A
G A G G A G C C G T G T A
# 52382_2020_074
G A G G A G C C G T G T A
G A G G A G C C G T G T A
# 52382_2020_075
G A T G A G C C G T G T A
G A G G A G C C G T G T A
# 52382_2020_076
G A G G G G C C G T G T A
G A G G A G C C G T G T A
# 52382_2020_077
G A G G A G C C G T G T A
G A G G A G C C G T G T T
# 52382_2020_078
A A G G G G C C G T G T A
A A G G G G C C G T G T A
# 52382_2020_079
G A G G A G C C G T G T A
G A G G A G C C G T G T A
# 52382_2020_080
G A G G A G C C G T G T A
G A G G A G C C G T G T T
# 52382_2020_081
G A G G A G C C G T G T A
G A G G A G C C G T G T A
# 52382_2020_082
G A G G G G C C G T G T T
G A G G A G C C G T G T T
# 52382_2020_083
G A G G A G C C G T G T A
G A G G A G C C G T G T T
# 52382_2020_084
G A G G G G C C G T G T T
G A G G A G C C G T G T T
# 52382_2020_085
G A G G G G C C G T G T A
A A G G G G C C G T G T T
# 52382_2020_086
G A T A G T A T A C T G A
A A T A G T A T A C T G A
# 52382_2020_087
G A G G A G C C G T G T A
A A G G G G C C G T G T T
# 52382_2020_088
G A G G A G C C G T G T T
G A G G A G C C G T G T A
# 52382_2020_089
G A G G G G C C G T G T A
G A G G A G C C G T G T A
# 52382_2020_090
G A G G A G C C G T G T T
G A G G A G C C G T G T T
# 52382_2020_091
G A G G A G C C G T G T A
G A G G A G C C G T G T A
# 52382_2020_092
G A G G A G C C G T G T A
G A G G A G C C G T G T A
# 52382_2020_093
G A G G G G C C G T G T T
A A T G G G C C G T G T T
# 52382_2020_100
G A G G A G C C G T G T A
G A G G A G C C G T G T T
# 52382_2020_101
G A G G G G C C G T G T A
G A G G A G C C G T G T T
# 52382_2020_102
G A G G A G C C G T G T A
G A G G A G C C G T G T T
# 52382_2020_103
G A G G A G C C G T G T T
G A G G A G C C G T G T T
# 52382_2020_104
G A G G A G C C G T G T A
A A G G G G C C G T G T A
# 52382_2020_105
G A G G A G C C G T G T T
G A G G A G C C G T G T A
# 52382_2020_110
G A G G A G C C G T G T A
G A G G A G C C G T G T A
# 52382_2020_111
G A G G A G C C G T G T A
G A G G A G C C G T G T A
# 52382_2020_120
G A G G A G C C G T G T T
G A G G A G C C G T G T T
# 52382_2020_121
G A G G G G C C G T G T A
G A G G A G C C G T G T A
# 52382_2020_136
A A T A G T A T A C T G A
A A T A G T A T A C T G T
# 52382_2020_140
G A T A G T A T A C T G A
G A T A G T A T A C T G A
# 52382_2020_150
G A G G A G C C G T G T A
G A G G A G C C G T G T A
# 52382_2020_151scales
G A G G G G C C G T G T A
G A G G G G C C G T G T A
# 52382_2020_153
G A T A G T A T A C T G A
A A T A G T A T A C T G A
# 52382_2020_450
A A T A G T A T A C T G A
A A T A G T A T A C T G A
# 52382_2020_451
G A T A G T A T A C T G A
G A G G A G C C G T G T A
# 52382_2020_453
G A T A G T A T A C T G A
G A T A G T A T A C T G T
# 52382_2020_455
G A T A G G C T A T T G A
G C T A G T A T A C T G A
# 52382_2020_456
G A T A G T A T A C T G A
G A T A G T A T A C T G A
# 52382_2020_457
G A T A G T A T A C T G A
A A T A G T A T A C T G A
# 52382_2020_8_11_20_F718
A A T A G T A T A C T G A
A A T A G T A T A C T G T
# 52382_2020_FT50055
G A T A G T A T A C T G A
G A T A G T A T A C T G A
# 52382_2020_FTss497_498
G A T A G T A T A C T G A
A C T G G G C C G C T T A
# 52383_2021_001
G A G G G G C C G T G T A
G A G G A G C C G T G T A
# 52383_2021_003
G A G G A G C C G C G T A
G A G G A G C C A C T G A
# 52383_2021_004
A A G G G G C C G T G T A
A A T G G G C C G T G T A
# 52383_2021_005
G A T G A G C C G T G T A
G A G G A G C C G T G T A
# 52383_2021_006
A A G G G G C C G T G T A
A A G G G G C C G T G T A
# 52383_2021_007
G A T A G T A T A C T G A
A A G G G G C C G C G T T
# 52383_2021_008
G C T A G T A T A T T G T
A A T A G T A T A C T G A
# 52383_2021_009
G A T G G G C T A T T G A
G A G G A G C C G T T T A
# 52383_2021_010
G A G G A G C C G T G T A
G A G G A G C C G T G T A
# 52383_2021_015
G A G G A G C C G T G T A
A A G G G G C C G T G T T
# 52383_2021_016
G A T G G G C C G T G T A
G A G G G G C C G T G T A
# 52383_2021_017
G A G G A G C C G T G T A
A A G G G G C C G T G T T
# 52383_2021_018
G A G G G G C C G T G T A
G A G G A G C C G T G T A
# 52383_2021_019
A A G G G G C C G T G T T
A A T G G G C C G T G T A
# 52383_2021_020
G A T A G T A T A C T G A
G A G G A G C C G T G T A
# 52383_2021_021
G A G G A G C C G T G T A
G A G G A G C C G T G T A
# 52383_2021_023
A A T A G T A T A C T G A
G A G G A G C C G T G T A
# 52383_2021_026
G A T A G T A T A C T G A
A A T A G T A T A C T G A
# 52383_2021_027
G A T A G G C T A T T G T
A A T A G T A T A C T G T
# 52383_2021_031
G A G G A G C C G T G T A
G A G G A G C C G T G T T
# 52383_2021_032
G A G G A G C C G T G T T
G A G G A G C C G T G T A
# 52383_2021_040
G A G G A G C C G T G T T
G A G G A G C C G T G T A
# 52383_2021_041
G A G G A G C C G T G T A
A A G G G G C C G T G T A
# 52383_2021_042
G A G G G G C C G T G T A
G A G G A G C C G T G T A
# 52383_2021_043
G A T G G G C C G T G T A
G A T G G G C C G T G T T
# 52383_2021_044
G A G G A G C C G T G T A
A A G G G G C C G T G T T
# 52383_2021_045
G A G G A G C C G T G T T
A A G G G G C C G T G T T
# 52383_2021_047
G A G G A G C C G T G T T
G A G G A G C C G T G T A
# 52383_2021_048
G A G G A G C C G T G T A
G A G G A G C C G T G T A
# 52383_2021_050
G A G G A G C C G T G T A
G A G G A G C C G T G T A
# 52383_2021_051
G A G G A G C C G T G T A
A A G G G G C C G T G T A
# 52383_2021_052
G A G G A G C C G T G T A
G A G G A G C C G T G T A
# 52383_2021_053
G A G G A G C C G T G T A
G A G G A G C C G T G T A
# 52383_2021_060
G A G G G G C C G T G T A
G A G G A G C C G T G T A
# 52383_2021_061
G A G G G G C C G T G T A
G A G G A G C C G T G T T
# 52383_2021_062
G A G G A G C C G T G T T
G A G G A G C C G T G T A
# 52383_2021_067
G C T A G T A T A C T G A
G A T G G G C C G C T T A
# 52383_2021_068
G A T G G G C C G T G T T
G A G G A G C C G T G T A
# 52383_2021_069
G A T A G T A T A C T G A
A A T A G T A T A C T G T
# 52383_2021_070
G A G G A G C C G T G T T
A A G G G G C C G T G T T
# 52383_2021_071
G A G G G G C C G T G T T
A A T G G G C C G T G T T
# 52383_2021_072
G A G G A G C C G T G T A
G A G G A G C C G T G T A
# 52383_2021_073
G A G G G G C C G T G T A
G A G G A G C C G T G T A
# 52383_2021_074
G A T A G T A T A C G G A
G A G G A G C C G T G T A
# 52383_2021_075
A A G G G G C C G C T G A
A A T G G G C C G C T T A
# 52383_2021_076
G A T A G T A T A C T G A
A A T A G T A T A C T G A
# 52383_2021_077
A A T A G T A T A C T G A
G A T A G G C T A C G G T
# 52383_2021_078
G A T A G T A T A C T G A
G A T A G T A T A C T G A
# 52383_2021_079
G A T A G T A T A C T G A
A A T G G G C C G C G T A
# 52383_2021_080
A A T A G T A T A C T G A
A A T A G T A T A C T G T
# 52383_2021_081
G A T A G T A T A C T G A
G A T A G T A T A C T G A
# 52383_2021_082
G A T A G G C T A T T G A
A A T A G T A T A C T G A
# 52383_2021_083
G A T A G T A T A C T G A
G A T A G T A T A C T G A
# 52383_2021_084
G A T A G T A T A C T G A
G A G G A G C C G T G T A
# 52383_2021_087
G A G G A G C C G T G T A
G A G G A G C C G T G T A
# 52383_2021_088
G A T A G T A T A C T G A
G A G G A G C C G T G T A
# 52383_2021_089
G A G G A G C C G T G T A
G A G G A G C C G T G T A
# 52383_2021_090
G A T A G T A T A C T G A
A A T A G T A T A C T G A
# 52383_2021_091
A A T G G G C C G T G T A
A A T G G G C C G T G T A
# 52383_2021_092
G A G G A G C C G T G T A
G A G G A G C C G T G T A
# 52383_2021_093
G A G G A G C C G T G T A
G A G G A G C C G T G T A
# 52383_2021_094
G A G G A G C C G T G T A
A A G G G G C C G T G T T
# 52383_2021_095
G A G G A G C C G T G T T
G A G G A G C C G T G T A
# 52383_2021_101
G A G G A G C C G T G T A
G A G G A G C C G T G T T
# 52383_2021_102
G A G G A G C C G T G T A
G A G G A G C C G T G T A
# 52383_2021_103
G A G G G G C C G T G T A
G A G G A G C C G T G T A
# 52383_2021_104
G A G G A G C C G T G T A
G A G G A G C C G T G T T
# 52383_2021_105
G A G G A G C C G T G T A
A A G G G G C C G T G T T
# 52383_2021_106
G A G G A G C C G T G T T
A A G G G G C C G C G T T
# 52383_2021_107
G A G G A G C C G T G T A
G A G G A G C C G T G T A
# 52383_2021_108
G A G G A G C C G T G T A
G A G G A G C C G T G T A
# 52383_2021_109
G A G G A G C C G T G T A
A A G G G G C C G T G T T
# 52383_2021_110
G A G G A G C C G T G T A
G A G G A G C C G T G T A
# 52383_2021_111
G A T G G G C C G T G T T
G A G G A G C C G T G T A
# 52383_2021_112
A A G G G G C C G T G T A
G A G G A G C C G T G T A
# 52383_2021_113
A A G G G G C C G T G T A
G A G G A G C C G T G T A
# 52383_2021_114
G A G G A G C C G T G T A
G A G G A G C C G T G T A
# 52383_2021_116
G A G G A G C C G T G T A
G A G G A G C C G T G T A
# 52383_2021_117
G A G G A G C C G T G T A
A A G G G G C C G T G T T
# 52383_2021_118
G A G G G G C C G T G T A
G A G G A G C C G T G T A
# 52383_2021_119
G A G G A G C C G T G T A
G A G G A G C C G T G T T
# 52383_2021_120
A A T A G T A T A C T G A
A A T A G T A T A C T G A
# 52383_2021_121
G A G G A G C C G T G T A
A A G G G G C C G T G T T
# 52383_2021_122
A A G G G G C C G T G T A
A A T G G G C C G T G T A
# 52383_2021_123
A A G G G G C C G T G T A
A A G G G G C C G T G T A
# 52383_2021_125
G A G G A G C C G T G T A
G A G G A G C C G T G T T
# 52383_2021_126
G A T G G G C C G T G T T
G A G G A G C C G T G T A
# 52383_2021_127
G A G G A G C C G T G T A
G A G G A G C C G T G T A
# 52383_2021_128
G A G G G G C C G T G T A
G A G G A G C C G T G T A
# 52383_2021_129
G A G G A G C C G T G T A
G A G G A G C C G T G T A
# 52383_2021_131
G A G G A G C C G T G T A
G A G G A G C C G T G T T
# 52383_2021_132
G A G G A G C C G T G T A
G A G G A G C C G T G T A
# 52383_2021_133
A A G G G G C C G T G T A
G A G G A G C C G T G T A
# 52383_2021_134
G A G G A G C C G T G T A
G A G G A G C C G T G T A
# 52383_2021_136
A A G G G G C C G T G T A
G A G G A G C C G T G T A
# 52383_2021_138
G A T G G G C C G T G T A
G A G G A G C C G T G T A
# 52383_2021_142
G A T A G T A T A C T G A
A A T A G T A T A C T G A
# 52383_2021_143
G A T A G T A T A C T G A
G A G G G G C C G T G T A
# 52383_2021_150
G A T A G T A T A C T G A
A C T G G G C C G C T T T
# 52383_2021_151
G A G G A G C C G T G T A
G A G G A G C C G T G T A
END GENOTYPES